c:\dev\gameengines\opengarlicengine\gravitysimulation\obj\vc143.pdb
c:\dev\gameengines\opengarlicengine\gravitysimulation\obj\vc143.idb
c:\dev\gameengines\opengarlicengine\gravitysimulation\obj\gravitysimulation.obj
c:\dev\gameengines\opengarlicengine\gravitysimulation\obj\gravityapp.obj
c:\dev\gameengines\opengarlicengine\gravitysimulation\obj\imgui_widgets.obj
c:\dev\gameengines\opengarlicengine\gravitysimulation\obj\imgui_tables.obj
c:\dev\gameengines\opengarlicengine\gravitysimulation\obj\imgui_impl_opengl3.obj
c:\dev\gameengines\opengarlicengine\gravitysimulation\obj\imgui_impl_glfw.obj
c:\dev\gameengines\opengarlicengine\gravitysimulation\obj\imgui_draw.obj
c:\dev\gameengines\opengarlicengine\gravitysimulation\obj\imgui.obj
c:\dev\gameengines\opengarlicengine\gravitysimulation\bin\debug\gravitysimulation.exe
c:\dev\gameengines\opengarlicengine\gravitysimulation\obj\gravitysimulation.ilk
c:\dev\gameengines\opengarlicengine\gravitysimulation\bin\debug\gravitysimulation.pdb
c:\dev\gameengines\opengarlicengine\gravitysimulation\obj\gravitys.5099f873.tlog\cl.command.1.tlog
c:\dev\gameengines\opengarlicengine\gravitysimulation\obj\gravitys.5099f873.tlog\cl.items.tlog
c:\dev\gameengines\opengarlicengine\gravitysimulation\obj\gravitys.5099f873.tlog\cl.read.1.tlog
c:\dev\gameengines\opengarlicengine\gravitysimulation\obj\gravitys.5099f873.tlog\cl.write.1.tlog
c:\dev\gameengines\opengarlicengine\gravitysimulation\obj\gravitys.5099f873.tlog\link.command.1.tlog
c:\dev\gameengines\opengarlicengine\gravitysimulation\obj\gravitys.5099f873.tlog\link.read.1.tlog
c:\dev\gameengines\opengarlicengine\gravitysimulation\obj\gravitys.5099f873.tlog\link.write.1.tlog
